<?xml version="1.0" encoding="UTF-8"?>
<!-- Generated by org.testng.reporters.JUnitXMLReporter -->
<testsuite hostname="SBR-DEVPTL-07" ignored="0" name="Differnet testng Feature Test" tests="7" failures="1" timestamp="15 Aug 2018 11:26:09 GMT" time="38.202" errors="0">
  <testcase name="googleLogoTest" time="0.008" classname="com.test.TestNGBasics"/>
  <testcase name="googleTitleTest" time="0.004" classname="com.test.TestNGBasics"/>
  <testcase name="searchTest" time="0.0" classname="com.test.TestNGBasics"/>
  <testcase name="googleTitleTest" time="0.02" classname="com.test.GoogleTest"/>
  <testcase name="googleTitleTest" time="0.02" classname="com.test.GoogleTitleTest">
    <failure type="java.lang.AssertionError" message="title is not matched expected [Googles] but found [Google]">
      <![CDATA[java.lang.AssertionError: title is not matched expected [Googles] but found [Google]
	at com.test.GoogleTitleTest.googleTitleTest(GoogleTitleTest.java:37)
... Removed 30 stack frames]]>
    </failure>
  </testcase> <!-- googleTitleTest -->
  <testcase name="googleLogoTest" time="0.192" classname="com.test.GoogleTest"/>
  <testcase name="mailLinkTest" time="0.104" classname="com.test.GoogleTest"/>
</testsuite> <!-- Differnet testng Feature Test -->
